{
  "RSpec": {
    "coverage": {
      "/Users/J/Projects/makers/05-week5/airbnb/Makersbnb/spec/features/add_space_spec.rb": {
        "lines": [
          null,
          null,
          null,
          null,
          null,
          null,
          null,
          null,
          null
        ]
      },
      "/Users/J/Projects/makers/05-week5/airbnb/Makersbnb/spec/features/logging_in_spec.rb": {
        "lines": [
          1,
          1,
          1,
          1,
          null,
          null,
          1,
          1,
          1,
          1,
          1,
          null,
          1,
          null,
          null,
          1,
          1,
          1,
          null,
          1,
          1,
          null,
          null
        ]
      },
      "/Users/J/Projects/makers/05-week5/airbnb/Makersbnb/spec/features/view_homepage_spec.rb": {
        "lines": [
          1,
          1,
          1,
          1,
          null,
          null,
          1,
          1,
          1,
          1,
          1,
          null,
          1,
          null,
          1,
          null,
          null,
          1,
          1,
          1,
          null,
          1,
          1,
          null,
          null
        ]
      },
      "/Users/J/Projects/makers/05-week5/airbnb/Makersbnb/spec/features/viewing_properties_spec.rb": {
        "lines": [
          1,
          1,
          1,
          1,
          null,
          null,
          1,
          null,
          null,
          1,
          1,
          1,
          1,
          null,
          null,
          1,
          1,
          1,
          null,
          1,
          1,
          null,
          null
        ]
      },
      "/Users/J/Projects/makers/05-week5/airbnb/Makersbnb/spec/property_spec.rb": {
        "lines": [
          1,
          null,
          1,
          1,
          1,
          1,
          1,
          null,
          null,
          1,
          1,
          1,
          null,
          1,
          null,
          null,
          1,
          1,
          null,
          null,
          null
        ]
      },
      "/Users/J/Projects/makers/05-week5/airbnb/Makersbnb/lib/property.rb": {
        "lines": [
          1,
          null,
          1,
          1,
          null,
          1,
          3,
          3,
          null,
          0,
          null,
          null,
          3,
          null,
          3,
          null,
          null,
          1,
          2,
          2,
          null,
          0,
          null,
          null,
          2,
          null,
          null,
          6,
          null,
          null,
          null
        ]
      }
    },
    "timestamp": 1642505685
  }
}
